<?xml version="1.0" encoding="UTF-8"?>
<!--

      Licensed to the Apache Software Foundation (ASF) under one or more
      contributor license agreements.  See the NOTICE file distributed with
      this work for additional information regarding copyright ownership.
      The ASF licenses this file to you under the Apache License, Version 2.0
      (the "License"); you may not use this file except in compliance with
      the License.  You may obtain a copy of the License at

          http://www.apache.org/licenses/LICENSE-2.0

      Unless required by applicable law or agreed to in writing, software
      distributed under the License is distributed on an "AS IS" BASIS,
      WITHOUT WARRANTIES OR CONDITIONS OF ANY KIND, either express or implied.
      See the License for the specific language governing permissions and
      limitations under the License.

-->
<!DOCTYPE deployments PUBLIC
"-//JBoss Portal//DTD Portal Object 2.6//EN"
"http://www.jboss.org/portal/dtd/portal-object_2_6.dtd">

<deployments> 
	<deployment>
		<parent-ref>dbmi</parent-ref>
		<if-exists>overwrite</if-exists>

		<page>
			<page-name>test</page-name>
			<properties>
				<property>
					<name>order</name>
					<value>130</value>
				</property>
				<property>
					<name>portal.defaultObjectName</name>
					<value>internalPersons</value>
				</property>
				<property>
					<name>defaultSearch</name>
					<value>test/internalPersons.xml</value>
				</property>
			</properties>

			<security-constraint>
				<policy-permission>
					<action-name>view</action-name>
					<role-name>User</role-name>
				</policy-permission>
			</security-constraint>

			<page>
				<page-name>internalPersons</page-name>
				<properties>
					<property>
						<name>order</name>
						<value>10</value>
					</property>
					<property>
						<name>defaultSearch</name>
						<value>test/internalPersonsActive.xml</value>
					</property>
					<property>
						<name>showBtnCreate</name>
						<value>false</value>
					</property>
					<property>
						<name>currentTemplate</name>
						<value>10</value>
					</property>																									
				</properties>
				<security-constraint>
					<policy-permission>
						<action-name>viewrecursive</action-name>
						<role-name>User</role-name>
					</policy-permission>
				</security-constraint>
				<page>
					<page-name>internalPersonsAll</page-name>
					<properties>
						<property>
							<name>order</name>
							<value>4</value>
						</property>
						<property>
							<name>defaultSearch</name>
							<value>test/internalPersonsAll.xml</value>
						</property>																								
					</properties>
					<security-constraint>
						<policy-permission>
							<action-name>viewrecursive</action-name>
							<role-name>User</role-name>
						</policy-permission>
					</security-constraint>
					<window>
						<window-name>QuickLinksWindow</window-name>
						<instance-ref>QuickLinksInstance</instance-ref>
						<region>left</region>
						<height>0</height>
					</window>
					<window>
						<window-name>SearchWindow</window-name>
						<instance-ref>SearchInstance</instance-ref>
						<region>center</region>
						<height>0</height>
					</window>
					<window>
						<window-name>CardListWindow</window-name>
						<instance-ref>CardListInstance</instance-ref>
						<region>center</region>
						<height>1</height>
					</window>
					<window>
						<window-name>BottomLinksWindow</window-name>
						<instance-ref>BottomLinksInstance</instance-ref>
						<region>bottom</region>
						<height>2</height>
					</window>
					<display-name xml:lang="en">All</display-name>
					<display-name xml:lang="ru">Все</display-name>
				</page>
				<page>
					<page-name>internalPersonsActive</page-name>
					<properties>
						<property>
							<name>order</name>
							<value>5</value>
						</property>
						<property>
							<name>defaultSearch</name>
							<value>test/internalPersonsActive.xml</value>
						</property>																								
					</properties>
					<security-constraint>
						<policy-permission>
							<action-name>viewrecursive</action-name>
							<role-name>User</role-name>
						</policy-permission>
					</security-constraint>
					<window>
						<window-name>QuickLinksWindow</window-name>
						<instance-ref>QuickLinksInstance</instance-ref>
						<region>left</region>
						<height>0</height>
					</window>
					<window>
						<window-name>SearchWindow</window-name>
						<instance-ref>SearchInstance</instance-ref>
						<region>center</region>
						<height>0</height>
					</window>
					<window>
						<window-name>CardListWindow</window-name>
						<instance-ref>CardListInstance</instance-ref>
						<region>center</region>
						<height>1</height>
					</window>
					<window>
						<window-name>BottomLinksWindow</window-name>
						<instance-ref>BottomLinksInstance</instance-ref>
						<region>bottom</region>
						<height>2</height>
					</window>
					<display-name xml:lang="en">Active</display-name>
					<display-name xml:lang="ru">Активные</display-name>
				</page>
				<page>
					<page-name>internalPersonsInactive</page-name>
					<properties>
						<property>
							<name>order</name>
							<value>6</value>
						</property>
						<property>
							<name>defaultSearch</name>
							<value>test/internalPersonsInactive.xml</value>
						</property>																								
					</properties>
					<security-constraint>
						<policy-permission>
							<action-name>viewrecursive</action-name>
							<role-name>User</role-name>
						</policy-permission>
					</security-constraint>
					<window>
						<window-name>QuickLinksWindow</window-name>
						<instance-ref>QuickLinksInstance</instance-ref>
						<region>left</region>
						<height>0</height>
					</window>
					<window>
						<window-name>SearchWindow</window-name>
						<instance-ref>SearchInstance</instance-ref>
						<region>center</region>
						<height>0</height>
					</window>
					<window>
						<window-name>CardListWindow</window-name>
						<instance-ref>CardListInstance</instance-ref>
						<region>center</region>
						<height>1</height>
					</window>
					<window>
						<window-name>BottomLinksWindow</window-name>
						<instance-ref>BottomLinksInstance</instance-ref>
						<region>bottom</region>
						<height>2</height>
					</window>
					<display-name xml:lang="en">Inactive</display-name>
					<display-name xml:lang="ru">Неактивные</display-name>
				</page>
				<window>
					<window-name>QuickLinksWindow</window-name>
					<instance-ref>QuickLinksInstance</instance-ref>
					<region>left</region>
					<height>0</height>
				</window>
				<window>
				<window-name>SearchWindow</window-name>
					<instance-ref>SearchInstance</instance-ref>
					<region>center</region>
					<height>0</height>
				</window>
				<window>
					<window-name>CardListWindow</window-name>
					<instance-ref>CardListInstance</instance-ref>
					<region>center</region>
					<height>1</height>
				</window>
				<window>
					<window-name>BottomLinksWindow</window-name>
					<instance-ref>BottomLinksInstance</instance-ref>
					<region>bottom</region>
					<height>2</height>
				</window>
				<display-name xml:lang="en">Internal Persons</display-name>
				<display-name xml:lang="ru">Персоны (внутренние)</display-name>
			</page>
			
			<page>
				<page-name>organizations</page-name>
				<properties>
					<property>
						<name>order</name>
						<value>20</value>
					</property>
					<property>
						<name>portal.defaultObjectName</name>
						<value>organizations_active</value>
					</property>
					<property>
						<name>defaultSearch</name>
						<value>dict/organizations_active.xml</value>
					</property>
					<property>
						<name>extendedSearchForm</name>
						<value>organizationSearchFormDescription</value>
					</property>
					<property>
						<name>currentTemplate</name>
						<value>222</value>
					</property>																									
				</properties>
				<security-constraint>
					<policy-permission>
						<action-name>view</action-name>
						<role-name>User</role-name>
					</policy-permission>
				</security-constraint>
				<page>
					<page-name>organizations_active</page-name>
					<properties>
						<property>
							<name>order</name>
							<value>1</value>
						</property>
						<property>
							<name>defaultSearch</name>
							<value>dict/organizations_active.xml</value>
						</property>
						<property>
							<name>currentTemplate</name>
							<value>222</value>
						</property>																									
					</properties>
					<security-constraint>
						<policy-permission>
						<action-name>view</action-name>
						<role-name>User</role-name>
						</policy-permission>
					</security-constraint>
					<window>
						<window-name>QuickLinksWindow</window-name>
						<instance-ref>QuickLinksInstance</instance-ref>
						<region>left</region>
						<height>0</height>
					</window>
					<window>
						<window-name>SearchWindow</window-name>
						<instance-ref>SearchInstance</instance-ref>
						<region>center</region>
						<height>0</height>
					</window>
					<window>
						<window-name>CardListWindow</window-name>
						<instance-ref>CardListInstance</instance-ref>
						<region>center</region>
						<height>1</height>
					</window>
					<window>
						<window-name>BottomLinksWindow</window-name>
						<instance-ref>BottomLinksInstance</instance-ref>
						<region>bottom</region>
						<height>2</height>
					</window>
					<display-name xml:lang="en">Active</display-name>
					<display-name xml:lang="ru">Активные</display-name>
				</page>
				<page>
					<page-name>organizations_new</page-name>
					<properties>
						<property>
							<name>order</name>
							<value>2</value>
						</property>
						<property>
							<name>defaultSearch</name>
							<value>dict/organizations_new.xml</value>
						</property>
						<property>
							<name>currentTemplate</name>
							<value>222</value>
						</property>																									
					</properties>
					<security-constraint>
						<policy-permission>
						<action-name>view</action-name>
						<role-name>User</role-name>
						</policy-permission>
					</security-constraint>
					<window>
						<window-name>QuickLinksWindow</window-name>
						<instance-ref>QuickLinksInstance</instance-ref>
						<region>left</region>
						<height>0</height>
					</window>
					<window>
						<window-name>SearchWindow</window-name>
						<instance-ref>SearchInstance</instance-ref>
						<region>center</region>
						<height>0</height>
					</window>
					<window>
						<window-name>CardListWindow</window-name>
						<instance-ref>CardListInstance</instance-ref>
						<region>center</region>
						<height>1</height>
					</window>
					<window>
						<window-name>BottomLinksWindow</window-name>
						<instance-ref>BottomLinksInstance</instance-ref>
						<region>bottom</region>
						<height>2</height>
					</window>
					<display-name xml:lang="en">New values</display-name>
					<display-name xml:lang="ru">Новые значения</display-name>
				</page>
				<page>
					<page-name>organizations_not_active</page-name>
					<properties>
						<property>
							<name>order</name>
							<value>3</value>
						</property>
						<property>
							<name>defaultSearch</name>
							<value>dict/organizations_not_active.xml</value>
						</property>
						<property>
							<name>currentTemplate</name>
							<value>222</value>
						</property>																									
					</properties>
					<security-constraint>
						<policy-permission>
						<action-name>view</action-name>
						<role-name>User</role-name>
						</policy-permission>
					</security-constraint>
					<window>
						<window-name>QuickLinksWindow</window-name>
						<instance-ref>QuickLinksInstance</instance-ref>
						<region>left</region>
						<height>0</height>
					</window>
					<window>
						<window-name>SearchWindow</window-name>
						<instance-ref>SearchInstance</instance-ref>
						<region>center</region>
						<height>0</height>
					</window>
					<window>
						<window-name>CardListWindow</window-name>
						<instance-ref>CardListInstance</instance-ref>
						<region>center</region>
						<height>1</height>
					</window>
					<window>
						<window-name>BottomLinksWindow</window-name>
						<instance-ref>BottomLinksInstance</instance-ref>
						<region>bottom</region>
						<height>2</height>
					</window>
					<display-name xml:lang="en">Not active</display-name>
					<display-name xml:lang="ru">Неактивные</display-name>
				</page>
				<page>
					<page-name>organizations_all</page-name>
					<properties>
						<property>
							<name>order</name>
							<value>4</value>
						</property>
						<property>
							<name>defaultSearch</name>
							<value>dict/organizations_all.xml</value>
						</property>
						<property>
							<name>currentTemplate</name>
							<value>222</value>
						</property>																									
					</properties>
					<security-constraint>
						<policy-permission>
						<action-name>view</action-name>
						<role-name>User</role-name>
						</policy-permission>
					</security-constraint>
					<window>
						<window-name>QuickLinksWindow</window-name>
						<instance-ref>QuickLinksInstance</instance-ref>
						<region>left</region>
						<height>0</height>
					</window>
					<window>
						<window-name>SearchWindow</window-name>
						<instance-ref>SearchInstance</instance-ref>
						<region>center</region>
						<height>0</height>
					</window>
					<window>
						<window-name>CardListWindow</window-name>
						<instance-ref>CardListInstance</instance-ref>
						<region>center</region>
						<height>1</height>
					</window>
					<window>
						<window-name>BottomLinksWindow</window-name>
						<instance-ref>BottomLinksInstance</instance-ref>
						<region>bottom</region>
						<height>2</height>
					</window>
					<display-name xml:lang="en">All</display-name>
					<display-name xml:lang="ru">Все</display-name>
				</page>
				<window>
					<window-name>QuickLinksWindow</window-name>
					<instance-ref>QuickLinksInstance</instance-ref>
					<region>left</region>
					<height>0</height>
				</window>
				<window>
					<window-name>SearchWindow</window-name>
					<instance-ref>SearchInstance</instance-ref>
					<region>center</region>
					<height>0</height>
				</window>
				<window>
					<window-name>CardListWindow</window-name>
					<instance-ref>CardListInstance</instance-ref>
					<region>center</region>
					<height>1</height>
				</window>
				<window>
					<window-name>BottomLinksWindow</window-name>
					<instance-ref>BottomLinksInstance</instance-ref>
					<region>bottom</region>
					<height>2</height>
				</window>
				<display-name xml:lang="en">Organizations</display-name>
				<display-name xml:lang="ru">Организации</display-name>
			</page>
			
			<page>
				<page-name>externalPersons</page-name>
				<properties>
					<property>
						<name>order</name>
						<value>30</value>
					</property>
					<property>
						<name>defaultSearch</name>
						<value>dict/externalPersons_active.xml</value>
					</property>
					<property>
						<name>currentTemplate</name>
						<value>464</value>
					</property>																									
					<property>
						<name>extendedSearchForm</name>
						<value>externalPersonSearchFormDescription</value>
					</property>
				</properties>
				<page>
					<page-name>externalPersons_active</page-name>
					<properties>
						<property>
							<name>order</name>
							<value>1</value>
						</property>
						<property>
							<name>defaultSearch</name>
							<value>dict/externalPersons_active.xml</value>
						</property>
						<property>
							<name>currentTemplate</name>
							<value>464</value>
						</property>																									
					</properties>
					<security-constraint>
						<policy-permission>
							<action-name>view</action-name>
							<role-name>User</role-name>
						</policy-permission>
					</security-constraint>
					<window>
						<window-name>QuickLinksWindow</window-name>
						<instance-ref>QuickLinksInstance</instance-ref>
						<region>left</region>
						<height>0</height>
					</window>
					<window>
						<window-name>SearchWindow</window-name>
						<instance-ref>SearchInstance</instance-ref>
						<region>center</region>
						<height>0</height>
					</window>
					<window>
					<window-name>CardListWindow</window-name>
						<instance-ref>CardListInstance</instance-ref>
						<region>center</region>
						<height>1</height>
					</window>
					<window>
						<window-name>BottomLinksWindow</window-name>
						<instance-ref>BottomLinksInstance</instance-ref>
						<region>bottom</region>
						<height>2</height>
					</window>
					<display-name xml:lang="en">Active</display-name>
					<display-name xml:lang="ru">Активные</display-name>
				</page>
				<page>
					<page-name>externalPersons_new</page-name>
					<properties>
						<property>
							<name>order</name>
							<value>2</value>
						</property>
						<property>
							<name>defaultSearch</name>
							<value>dict/externalPersons_new.xml</value>
						</property>
						<property>
							<name>currentTemplate</name>
							<value>464</value>
						</property>																									
					</properties>
					<security-constraint>
						<policy-permission>
							<action-name>view</action-name>
							<role-name>User</role-name>
						</policy-permission>
					</security-constraint>
					<window>
						<window-name>QuickLinksWindow</window-name>
						<instance-ref>QuickLinksInstance</instance-ref>
						<region>left</region>
						<height>0</height>
					</window>
					<window>
						<window-name>SearchWindow</window-name>
						<instance-ref>SearchInstance</instance-ref>
						<region>center</region>
						<height>0</height>
					</window>
					<window>
					<window-name>CardListWindow</window-name>
						<instance-ref>CardListInstance</instance-ref>
						<region>center</region>
						<height>1</height>
					</window>
					<window>
						<window-name>BottomLinksWindow</window-name>
						<instance-ref>BottomLinksInstance</instance-ref>
						<region>bottom</region>
						<height>2</height>
					</window>
					<display-name xml:lang="en">New values</display-name>
					<display-name xml:lang="ru">Новые значения</display-name>
				</page>
				<page>
					<page-name>externalPersons_not_active</page-name>
					<properties>
						<property>
							<name>order</name>
							<value>3</value>
						</property>
						<property>
							<name>defaultSearch</name>
							<value>dict/externalPersons_not_active.xml</value>
						</property>
						<property>
							<name>currentTemplate</name>
							<value>464</value>
						</property>																									
					</properties>
					<security-constraint>
						<policy-permission>
							<action-name>view</action-name>
							<role-name>User</role-name>
						</policy-permission>
					</security-constraint>
					<window>
						<window-name>QuickLinksWindow</window-name>
						<instance-ref>QuickLinksInstance</instance-ref>
						<region>left</region>
						<height>0</height>
					</window>
					<window>
						<window-name>SearchWindow</window-name>
						<instance-ref>SearchInstance</instance-ref>
						<region>center</region>
						<height>0</height>
					</window>
					<window>
					<window-name>CardListWindow</window-name>
						<instance-ref>CardListInstance</instance-ref>
						<region>center</region>
						<height>1</height>
					</window>
					<window>
						<window-name>BottomLinksWindow</window-name>
						<instance-ref>BottomLinksInstance</instance-ref>
						<region>bottom</region>
						<height>2</height>
					</window>
					<display-name xml:lang="en">Not active</display-name>
					<display-name xml:lang="ru">Неактивные</display-name>
				</page>
				<page>
					<page-name>externalPersons_all</page-name>
					<properties>
						<property>
							<name>order</name>
							<value>4</value>
						</property>
						<property>
							<name>defaultSearch</name>
							<value>dict/externalPersons_all.xml</value>
						</property>
						<property>
							<name>currentTemplate</name>
							<value>464</value>
						</property>																									
					</properties>
					<security-constraint>
						<policy-permission>
							<action-name>view</action-name>
							<role-name>User</role-name>
						</policy-permission>
					</security-constraint>
					<window>
						<window-name>QuickLinksWindow</window-name>
						<instance-ref>QuickLinksInstance</instance-ref>
						<region>left</region>
						<height>0</height>
					</window>
					<window>
						<window-name>SearchWindow</window-name>
						<instance-ref>SearchInstance</instance-ref>
						<region>center</region>
						<height>0</height>
					</window>
					<window>
					<window-name>CardListWindow</window-name>
						<instance-ref>CardListInstance</instance-ref>
						<region>center</region>
						<height>1</height>
					</window>
					<window>
						<window-name>BottomLinksWindow</window-name>
						<instance-ref>BottomLinksInstance</instance-ref>
						<region>bottom</region>
						<height>2</height>
					</window>
					<display-name xml:lang="en">All</display-name>
					<display-name xml:lang="ru">Все</display-name>
				</page>
				<security-constraint>
					<policy-permission>
						<action-name>view</action-name>
						<role-name>User</role-name>
					</policy-permission>
				</security-constraint>
				<window>
					<window-name>QuickLinksWindow</window-name>
					<instance-ref>QuickLinksInstance</instance-ref>
					<region>left</region>
					<height>0</height>
				</window>
				<window>
					<window-name>SearchWindow</window-name>
					<instance-ref>SearchInstance</instance-ref>
					<region>center</region>
					<height>0</height>
				</window>
				<window>
					<window-name>CardListWindow</window-name>
					<instance-ref>CardListInstance</instance-ref>
					<region>center</region>
					<height>1</height>
				</window>
				<window>
					<window-name>BottomLinksWindow</window-name>
					<instance-ref>BottomLinksInstance</instance-ref>
					<region>bottom</region>
					<height>2</height>
				</window>
				<display-name xml:lang="en">External Persons</display-name>
				<display-name xml:lang="ru">Персоны (внешние)</display-name>
			</page>

			<page>
				<page-name>departments</page-name>
				<properties>
					<property>
						<name>order</name>
						<value>40</value>
					</property>
					<property>
						<name>portal.defaultObjectName</name>
						<value>departments_active</value>
					</property>
					<property>
						<name>defaultSearch</name>
						<value>dict/departments_active.xml</value>
					</property>
					<property>
						<name>currentTemplate</name>
						<value>484</value>
					</property>																									
					<property>
						<name>extendedSearchForm</name>
						<value>departmentSearchFormDescription</value>
					</property>
				</properties>
				<security-constraint>
					<policy-permission>
						<action-name>view</action-name>
						<role-name>User</role-name>
					</policy-permission>
				</security-constraint>
				<window>
					<window-name>QuickLinksWindow</window-name>
					<instance-ref>QuickLinksInstance</instance-ref>
					<region>left</region>
					<height>0</height>
				</window>
				<window>
					<window-name>SearchWindow</window-name>
					<instance-ref>SearchInstance</instance-ref>
					<region>center</region>
					<height>0</height>
				</window>
				<window>
				<window-name>CardListWindow</window-name>
					<instance-ref>CardListInstance</instance-ref>
					<region>center</region>
					<height>1</height>
				</window>
				<window>
					<window-name>BottomLinksWindow</window-name>
					<instance-ref>BottomLinksInstance</instance-ref>
					<region>bottom</region>
					<height>2</height>
				</window>
				<page>
					<page-name>departments_active</page-name>
					<properties>
						<property>
							<name>order</name>
							<value>1</value>
						</property>
						<property>
							<name>defaultSearch</name>
							<value>dict/departments_active.xml</value>
						</property>
						<property>
							<name>currentTemplate</name>
							<value>484</value>
						</property>																									
					</properties>
					<security-constraint>
						<policy-permission>
							<action-name>view</action-name>
							<role-name>User</role-name>
						</policy-permission>
					</security-constraint>
					<window>
						<window-name>QuickLinksWindow</window-name>
						<instance-ref>QuickLinksInstance</instance-ref>
						<region>left</region>
						<height>0</height>
					</window>
					<window>
						<window-name>SearchWindow</window-name>
						<instance-ref>SearchInstance</instance-ref>
						<region>center</region>
						<height>0</height>
					</window>
					<window>
					<window-name>CardListWindow</window-name>
						<instance-ref>CardListInstance</instance-ref>
						<region>center</region>
						<height>1</height>
					</window>
					<window>
						<window-name>BottomLinksWindow</window-name>
						<instance-ref>BottomLinksInstance</instance-ref>
						<region>bottom</region>
						<height>2</height>
					</window>
					<display-name xml:lang="en">Active</display-name>
					<display-name xml:lang="ru">Активные</display-name>
				</page>
				<page>
					<page-name>departments_not_active</page-name>
					<properties>
						<property>
							<name>order</name>
							<value>2</value>
						</property>
						<property>
							<name>defaultSearch</name>
							<value>dict/departments_not_active.xml</value>
						</property>
						<property>
							<name>currentTemplate</name>
							<value>484</value>
						</property>																									
					</properties>
					<security-constraint>
						<policy-permission>
							<action-name>view</action-name>
							<role-name>User</role-name>
						</policy-permission>
					</security-constraint>
					<window>
						<window-name>QuickLinksWindow</window-name>
						<instance-ref>QuickLinksInstance</instance-ref>
						<region>left</region>
						<height>0</height>
					</window>
					<window>
						<window-name>SearchWindow</window-name>
						<instance-ref>SearchInstance</instance-ref>
						<region>center</region>
						<height>0</height>
					</window>
					<window>
					<window-name>CardListWindow</window-name>
						<instance-ref>CardListInstance</instance-ref>
						<region>center</region>
						<height>1</height>
					</window>
					<window>
						<window-name>BottomLinksWindow</window-name>
						<instance-ref>BottomLinksInstance</instance-ref>
						<region>bottom</region>
						<height>2</height>
					</window>
					<display-name xml:lang="en">Not active</display-name>
					<display-name xml:lang="ru">Неактивные</display-name>
				</page>
				<page>
					<page-name>departments_all</page-name>
					<properties>
						<property>
							<name>order</name>
							<value>3</value>
						</property>
						<property>
							<name>defaultSearch</name>
							<value>dict/departments_all.xml</value>
						</property>
						<property>
							<name>currentTemplate</name>
							<value>484</value>
						</property>																									
					</properties>
					<security-constraint>
						<policy-permission>
							<action-name>view</action-name>
							<role-name>User</role-name>
						</policy-permission>
					</security-constraint>
					<window>
						<window-name>QuickLinksWindow</window-name>
						<instance-ref>QuickLinksInstance</instance-ref>
						<region>left</region>
						<height>0</height>
					</window>
					<window>
						<window-name>SearchWindow</window-name>
						<instance-ref>SearchInstance</instance-ref>
						<region>center</region>
						<height>0</height>
					</window>
					<window>
					<window-name>CardListWindow</window-name>
						<instance-ref>CardListInstance</instance-ref>
						<region>center</region>
						<height>1</height>
					</window>
					<window>
						<window-name>BottomLinksWindow</window-name>
						<instance-ref>BottomLinksInstance</instance-ref>
						<region>bottom</region>
						<height>2</height>
					</window>
					<display-name xml:lang="en">All</display-name>
					<display-name xml:lang="ru">Все</display-name>
				</page>
				<display-name xml:lang="en">Departments</display-name>
				<display-name xml:lang="ru">Подразделения</display-name>
			</page>
			
			<page>
				<page-name>positions</page-name>
				<properties>
					<property>
						<name>order</name>
						<value>50</value>
					</property>
					<property>
						<name>defaultSearch</name>
						<value>dict/positions_active.xml</value>
					</property>
					<property>
						<name>currentTemplate</name>
						<value>1206</value>
					</property>
					<property>
						<name>extendedSearchForm</name>
						<value>positionSearchFormDescription</value>
					</property>
				</properties>
				<page>
					<page-name>positions_active</page-name>
					<properties>
						<property>
							<name>order</name>
							<value>1</value>
						</property>
						<property>
							<name>defaultSearch</name>
							<value>dict/positions_active.xml</value>
						</property>
						<property>
							<name>currentTemplate</name>
							<value>1206</value>
						</property>																									
					</properties>
					<security-constraint>
						<policy-permission>
							<action-name>view</action-name>
							<role-name>User</role-name>
						</policy-permission>
					</security-constraint>
					<window>
						<window-name>QuickLinksWindow</window-name>
						<instance-ref>QuickLinksInstance</instance-ref>
						<region>left</region>
						<height>0</height>
					</window>
					<window>
						<window-name>SearchWindow</window-name>
						<instance-ref>SearchInstance</instance-ref>
						<region>center</region>
						<height>0</height>
					</window>
					<window>
					<window-name>CardListWindow</window-name>
						<instance-ref>CardListInstance</instance-ref>
						<region>center</region>
						<height>1</height>
					</window>
					<window>
						<window-name>BottomLinksWindow</window-name>
						<instance-ref>BottomLinksInstance</instance-ref>
						<region>bottom</region>
						<height>2</height>
					</window>
					<display-name xml:lang="en">Active</display-name>
					<display-name xml:lang="ru">Активные</display-name>
				</page>
				<page>
					<page-name>positions_not_active</page-name>
					<properties>
						<property>
							<name>order</name>
							<value>2</value>
						</property>
						<property>
							<name>defaultSearch</name>
							<value>dict/positions_not_active.xml</value>
						</property>
						<property>
							<name>currentTemplate</name>
							<value>1206</value>
						</property>																									
					</properties>
					<security-constraint>
						<policy-permission>
							<action-name>view</action-name>
							<role-name>User</role-name>
						</policy-permission>
					</security-constraint>
					<window>
						<window-name>QuickLinksWindow</window-name>
						<instance-ref>QuickLinksInstance</instance-ref>
						<region>left</region>
						<height>0</height>
					</window>
					<window>
						<window-name>SearchWindow</window-name>
						<instance-ref>SearchInstance</instance-ref>
						<region>center</region>
						<height>0</height>
					</window>
					<window>
					<window-name>CardListWindow</window-name>
						<instance-ref>CardListInstance</instance-ref>
						<region>center</region>
						<height>1</height>
					</window>
					<window>
						<window-name>BottomLinksWindow</window-name>
						<instance-ref>BottomLinksInstance</instance-ref>
						<region>bottom</region>
						<height>2</height>
					</window>
					<display-name xml:lang="en">Not active</display-name>
					<display-name xml:lang="ru">Неактивные</display-name>
				</page>
				<page>
					<page-name>positions_all</page-name>
					<properties>
						<property>
							<name>order</name>
							<value>3</value>
						</property>
						<property>
							<name>defaultSearch</name>
							<value>dict/positions_all.xml</value>
						</property>
						<property>
							<name>currentTemplate</name>
							<value>1206</value>
						</property>
					</properties>
					<security-constraint>
						<policy-permission>
							<action-name>view</action-name>
							<role-name>User</role-name>
						</policy-permission>
					</security-constraint>
					<window>
						<window-name>QuickLinksWindow</window-name>
						<instance-ref>QuickLinksInstance</instance-ref>
						<region>left</region>
						<height>0</height>
					</window>
					<window>
						<window-name>SearchWindow</window-name>
						<instance-ref>SearchInstance</instance-ref>
						<region>center</region>
						<height>0</height>
					</window>
					<window>
					<window-name>CardListWindow</window-name>
						<instance-ref>CardListInstance</instance-ref>
						<region>center</region>
						<height>1</height>
					</window>
					<window>
						<window-name>BottomLinksWindow</window-name>
						<instance-ref>BottomLinksInstance</instance-ref>
						<region>bottom</region>
						<height>2</height>
					</window>
					<display-name xml:lang="en">All</display-name>
					<display-name xml:lang="ru">Все</display-name>
				</page>
				<security-constraint>
					<policy-permission>
						<action-name>view</action-name>
						<role-name>User</role-name>
					</policy-permission>
				</security-constraint>
				<window>
					<window-name>QuickLinksWindow</window-name>
					<instance-ref>QuickLinksInstance</instance-ref>
					<region>left</region>
					<height>0</height>
				</window>
				<window>
					<window-name>SearchWindow</window-name>
					<instance-ref>SearchInstance</instance-ref>
					<region>center</region>
					<height>0</height>
				</window>
				<window>
					<window-name>CardListWindow</window-name>
					<instance-ref>CardListInstance</instance-ref>
					<region>center</region>
					<height>1</height>
				</window>
				<window>
					<window-name>BottomLinksWindow</window-name>
					<instance-ref>BottomLinksInstance</instance-ref>
					<region>bottom</region>
					<height>2</height>
				</window>
				<display-name xml:lang="en">Positions</display-name>
				<display-name xml:lang="ru">Должности</display-name>
			</page>
			
			<page>
				<page-name>numerator</page-name>
				<properties>
					<property>
						<name>order</name>
						<value>60</value>
					</property>
					<property>
						<name>defaultSearch</name>
						<value>dict/numerator_active.xml</value>
					</property>
					<property>
						<name>currentTemplate</name>
						<value>384</value>
					</property>																									
					<property>
						<name>extendedSearchForm</name>
						<value>numeratorSearchFormDescription</value>
					</property>
					<property>
						<name>canImportCards</name>
						<value>false</value>
					</property>
					<property>
						<name>editAccessRoles</name>
						<value>A,A_DICTIONARIES</value>
					</property>
				</properties>
				<page>
					<page-name>numerator_active</page-name>
					<properties>
						<property>
							<name>order</name>
							<value>1</value>
						</property>
						<property>
							<name>defaultSearch</name>
							<value>dict/numerator_active.xml</value>
						</property>
						<property>
							<name>currentTemplate</name>
							<value>384</value>
						</property>																									
						<property>
							<name>canImportCards</name>
							<value>false</value>
						</property>
						<property>
							<name>editAccessRoles</name>
							<value>A,A_DICTIONARIES</value>
						</property>
					</properties>
					<security-constraint>
						<policy-permission>
							<action-name>view</action-name>
							<role-name>User</role-name>
						</policy-permission>
					</security-constraint>
					<window>
						<window-name>QuickLinksWindow</window-name>
						<instance-ref>QuickLinksInstance</instance-ref>
						<region>left</region>
						<height>0</height>
					</window>
					<window>
						<window-name>SearchWindow</window-name>
						<instance-ref>SearchInstance</instance-ref>
						<region>center</region>
						<height>0</height>
					</window>
					<window>
					<window-name>CardListWindow</window-name>
						<instance-ref>CardListInstance</instance-ref>
						<region>center</region>
						<height>1</height>
					</window>
					<window>
						<window-name>BottomLinksWindow</window-name>
						<instance-ref>BottomLinksInstance</instance-ref>
						<region>bottom</region>
						<height>2</height>
					</window>
					<display-name xml:lang="en">Active</display-name>
					<display-name xml:lang="ru">Активные</display-name>
				</page>
				<page>
					<page-name>numerator_not_active</page-name>
					<properties>
						<property>
							<name>order</name>
							<value>2</value>
						</property>
						<property>
							<name>defaultSearch</name>
							<value>dict/numerator_not_active.xml</value>
						</property>
						<property>
							<name>currentTemplate</name>
							<value>384</value>
						</property>																									
						<property>
							<name>canImportCards</name>
							<value>false</value>
						</property>
						<property>
							<name>editAccessRoles</name>
							<value>A,A_DICTIONARIES</value>
						</property>
					</properties>
					<security-constraint>
						<policy-permission>
							<action-name>view</action-name>
							<role-name>User</role-name>
						</policy-permission>
					</security-constraint>
					<window>
						<window-name>QuickLinksWindow</window-name>
						<instance-ref>QuickLinksInstance</instance-ref>
						<region>left</region>
						<height>0</height>
					</window>
					<window>
						<window-name>SearchWindow</window-name>
						<instance-ref>SearchInstance</instance-ref>
						<region>center</region>
						<height>0</height>
					</window>
					<window>
					<window-name>CardListWindow</window-name>
						<instance-ref>CardListInstance</instance-ref>
						<region>center</region>
						<height>1</height>
					</window>
					<window>
						<window-name>BottomLinksWindow</window-name>
						<instance-ref>BottomLinksInstance</instance-ref>
						<region>bottom</region>
						<height>2</height>
					</window>
					<display-name xml:lang="en">Not active</display-name>
					<display-name xml:lang="ru">Неактивные</display-name>
				</page>
				<page>
					<page-name>numerator_all</page-name>
					<properties>
						<property>
							<name>order</name>
							<value>3</value>
						</property>
						<property>
							<name>defaultSearch</name>
							<value>dict/numerator_all.xml</value>
						</property>
						<property>
							<name>currentTemplate</name>
							<value>384</value>
						</property>																									
						<property>
							<name>canImportCards</name>
							<value>false</value>
						</property>
						<property>
							<name>editAccessRoles</name>
							<value>A,A_DICTIONARIES</value>
						</property>
					</properties>
					<security-constraint>
						<policy-permission>
							<action-name>view</action-name>
							<role-name>User</role-name>
						</policy-permission>
					</security-constraint>
					<window>
						<window-name>QuickLinksWindow</window-name>
						<instance-ref>QuickLinksInstance</instance-ref>
						<region>left</region>
						<height>0</height>
					</window>
					<window>
						<window-name>SearchWindow</window-name>
						<instance-ref>SearchInstance</instance-ref>
						<region>center</region>
						<height>0</height>
					</window>
					<window>
					<window-name>CardListWindow</window-name>
						<instance-ref>CardListInstance</instance-ref>
						<region>center</region>
						<height>1</height>
					</window>
					<window>
						<window-name>BottomLinksWindow</window-name>
						<instance-ref>BottomLinksInstance</instance-ref>
						<region>bottom</region>
						<height>2</height>
					</window>
					<display-name xml:lang="en">All</display-name>
					<display-name xml:lang="ru">Все</display-name>
				</page>
				<security-constraint>
					<policy-permission>
						<action-name>view</action-name>
						<role-name>User</role-name>
					</policy-permission>
				</security-constraint>
				<window>
					<window-name>QuickLinksWindow</window-name>
					<instance-ref>QuickLinksInstance</instance-ref>
					<region>left</region>
					<height>0</height>
				</window>
				<window>
					<window-name>SearchWindow</window-name>
					<instance-ref>SearchInstance</instance-ref>
					<region>center</region>
					<height>0</height>
				</window>
				<window>
					<window-name>CardListWindow</window-name>
					<instance-ref>CardListInstance</instance-ref>
					<region>center</region>
					<height>1</height>
				</window>
				<window>
					<window-name>BottomLinksWindow</window-name>
					<instance-ref>BottomLinksInstance</instance-ref>
					<region>bottom</region>
					<height>2</height>
				</window>
				<display-name xml:lang="en">Numerator</display-name>
				<display-name xml:lang="ru">Нумератор</display-name>
			</page>
			
			
			<page>
				<page-name>zonesDow</page-name>
				<properties>
					<property>
						<name>order</name>
						<value>70</value>
					</property>
					<property>
						<name>defaultSearch</name>
						<value>test/zonesDOW.xml</value>
					</property>
				</properties>
				<security-constraint>
					<policy-permission>
						<action-name>view</action-name>
						<role-name>Admin</role-name>
						<role-name>DBMI_A</role-name>
					</policy-permission>
				</security-constraint>
				<window>
					<window-name>QuickLinksWindow</window-name>
					<instance-ref>QuickLinksInstance</instance-ref>
					<region>left</region>
					<height>0</height>
				</window>
				<window>
					<window-name>SearchWindow</window-name>
					<instance-ref>SearchInstance</instance-ref>
					<region>center</region>
					<height>0</height>
				</window>
				<window>
				<window-name>CardListWindow</window-name>
					<instance-ref>CardListInstance</instance-ref>
					<region>center</region>
					<height>1</height>
				</window>
				<window>
					<window-name>BottomLinksWindow</window-name>
					<instance-ref>BottomLinksInstance</instance-ref>
					<region>bottom</region>
					<height>2</height>
				</window>
				<display-name xml:lang="en">Zones of DOW</display-name>
				<display-name xml:lang="ru">Зоны ДОУ</display-name>
			</page>
			
			

			<page>
				<page-name>documentTypes</page-name>
				<properties>
					<property>
						<name>order</name>
						<value>80</value>
					</property>
					<property>
						<name>defaultSearch</name>
						<value>test/documentTypes.xml</value>
					</property>
					<property>
						<name>currentTemplate</name>
						<value>2300</value>
					</property>																									
				</properties>
				<security-constraint>
					<policy-permission>
						<action-name>view</action-name>
						<role-name>User</role-name>
					</policy-permission>
				</security-constraint>
				<page>
					<page-name>documentTypesNew</page-name>
					<properties>
						<property>
							<name>order</name>
							<value>10</value>
						</property>
						<property>
							<name>defaultSearch</name>
							<value>test/documentTypesNew.xml</value>
						</property>
						<property>
							<name>currentTemplate</name>
							<value>2300</value>
						</property>																									
					</properties>
					<security-constraint>
						<policy-permission>
							<action-name>view</action-name>
							<role-name>dbmi_A</role-name>
							<role-name>Admin</role-name>
							<role-name>dbmi_JBR_DICT_EDITOR</role-name>
						</policy-permission>
					</security-constraint>
					<window>
						<window-name>QuickLinksWindow</window-name>
						<instance-ref>QuickLinksInstance</instance-ref>
						<region>left</region>
						<height>0</height>
					</window>
					<window>
						<window-name>SearchWindow</window-name>
						<instance-ref>SearchInstance</instance-ref>
						<region>center</region>
						<height>0</height>
					</window>
					<window>
						<window-name>CardListWindow</window-name>
						<instance-ref>CardListInstance</instance-ref>
						<region>center</region>
						<height>1</height>
					</window>
					<window>
						<window-name>BottomLinksWindow</window-name>
						<instance-ref>BottomLinksInstance</instance-ref>
						<region>bottom</region>
						<height>2</height>
					</window>
					<display-name xml:lang="en">New values</display-name>
					<display-name xml:lang="ru">Новые значения</display-name>
				</page>
				<window>
					<window-name>QuickLinksWindow</window-name>
					<instance-ref>QuickLinksInstance</instance-ref>
					<region>left</region>
					<height>0</height>
				</window>
				<window>
					<window-name>SearchWindow</window-name>
					<instance-ref>SearchInstance</instance-ref>
					<region>center</region>
					<height>0</height>
				</window>
				<window>
					<window-name>CardListWindow</window-name>
					<instance-ref>CardListInstance</instance-ref>
					<region>center</region>
					<height>1</height>
				</window>
				<window>
					<window-name>BottomLinksWindow</window-name>
					<instance-ref>BottomLinksInstance</instance-ref>
					<region>bottom</region>
					<height>2</height>
				</window>
				<display-name xml:lang="en">Types of documents</display-name>
				<display-name xml:lang="ru">Виды документов</display-name>
			</page>
			
			<page>
                <page-name>blanktypes</page-name>
                <properties>
                    <property>
                        <name>order</name>
                        <value>90</value>
                    </property>
                    <property>
                        <name>defaultSearch</name>
                        <value>test/blanktypes.xml</value>
                    </property>
                      
                    <property>
                        <name>currentTemplate</name>
                        <value>2266</value>
                    </property>
                            
                </properties>
                 <security-constraint>
                    <policy-permission>
                        <action-name>viewrecursive</action-name>
                        <role-name>User</role-name>
                    </policy-permission>
                </security-constraint>
                <window>
                    <window-name>QuickLinksWindow</window-name>
                    <instance-ref>QuickLinksInstance</instance-ref>
                    <region>left</region>
                    <height>0</height>
                </window>
                <window>
                    <window-name>SearchWindow</window-name>
                    <instance-ref>SearchInstance</instance-ref>
                    <region>center</region>
                    <height>0</height>
                </window>
                <window>
                    <window-name>CardListWindow</window-name>
                    <instance-ref>CardListInstance</instance-ref>
                    <region>center</region>
                    <height>1</height>
                </window>
                <window>
                    <window-name>BottomLinksWindow</window-name>
                    <instance-ref>BottomLinksInstance</instance-ref>
                    <region>bottom</region>
                    <height>2</height>
                </window>
                <display-name xml:lang="en">Outgoing blank types</display-name>
                <display-name xml:lang="ru">Виды исходящих бланков</display-name>
            </page>
            
            <page>
				<page-name>authorTreatments</page-name>
				<properties>
					<property>
						<name>order</name>
						<value>100</value>
					</property>
					<property>
						<name>defaultSearch</name>
						<value>test/authorTreatments.xml</value>
					</property>
					<property>
						<name>currentTemplate</name>
						<value>780</value>
					</property>																									
				</properties>
				<security-constraint>
					<policy-permission>
						<action-name>view</action-name>
						<role-name>User</role-name>
					</policy-permission>
				</security-constraint>
				<page>
					<page-name>authorTreatmentsNew</page-name>
					<properties>
						<property>
							<name>order</name>
							<value>10</value>
						</property>
						<property>
							<name>defaultSearch</name>
							<value>test/authorTreatmentsNew.xml</value>
						</property>
						<property>
							<name>currentTemplate</name>
							<value>780</value>
						</property>																									
					</properties>
					<security-constraint>
						<policy-permission>
							<action-name>view</action-name>
							<role-name>dbmi_A</role-name>
							<role-name>Admin</role-name>
							<role-name>dbmi_JBR_DICT_EDITOR</role-name>
						</policy-permission>
					</security-constraint>
					<window>
						<window-name>QuickLinksWindow</window-name>
						<instance-ref>QuickLinksInstance</instance-ref>
						<region>left</region>
						<height>0</height>
					</window>
					<window>
						<window-name>SearchWindow</window-name>
						<instance-ref>SearchInstance</instance-ref>
						<region>center</region>
						<height>0</height>
					</window>
					<window>
						<window-name>CardListWindow</window-name>
						<instance-ref>CardListInstance</instance-ref>
						<region>center</region>
						<height>1</height>
					</window>
					<window>
						<window-name>BottomLinksWindow</window-name>
						<instance-ref>BottomLinksInstance</instance-ref>
						<region>bottom</region>
						<height>2</height>
					</window>
					<display-name xml:lang="en">New values</display-name>
					<display-name xml:lang="ru">Новые значения</display-name>
				</page>
				<window>
					<window-name>QuickLinksWindow</window-name>
					<instance-ref>QuickLinksInstance</instance-ref>
					<region>left</region>
					<height>0</height>
				</window>
				<window>
					<window-name>SearchWindow</window-name>
					<instance-ref>SearchInstance</instance-ref>
					<region>center</region>
					<height>0</height>
				</window>
				<window>
					<window-name>CardListWindow</window-name>
					<instance-ref>CardListInstance</instance-ref>
					<region>center</region>
					<height>1</height>
				</window>
				<window>
					<window-name>BottomLinksWindow</window-name>
					<instance-ref>BottomLinksInstance</instance-ref>
					<region>bottom</region>
					<height>2</height>
				</window>
				<display-name xml:lang="en">Author treatments</display-name>
				<display-name xml:lang="ru">Авторы обращения</display-name>
			</page>
			
			<page>			
			<page-name>themes</page-name>
				<properties>
					<property>
						<name>order</name>
						<value>110</value>
					</property>
					<property>
						<name>portal.defaultObjectName</name>
						<value>administrative-districts-reference</value>
					</property>
					<property>
						<name>layout.id</name>
						<value>dbmi_1column</value>
					</property>
					<property>
						<name>enShowRowEditViewIcon</name>
						<value>true</value>
					</property>
				</properties>
				<security-constraint>
					<policy-permission>
						<action-name>viewrecursive</action-name>
						<role-name>dbmi_A</role-name>
						<role-name>Admin</role-name>
					</policy-permission>
				</security-constraint>
				<page>
					<page-name>sections-reference</page-name>
					<properties>
						<property>
							<name>order</name>
							<value>1</value>
						</property>
						<property>
							<name>defaultSearch</name>
							<value>test/sections.xml</value>
						</property>	
						<property>
							<name>currentTemplate</name>
							<value>802</value>
						</property>																									
					</properties>
					<window>
						<window-name>QuickLinksWindow</window-name>
						<instance-ref>QuickLinksInstance</instance-ref>
						<region>left</region>
						<height>0</height>
					</window>
					<window>
						<window-name>SearchWindow</window-name>
						<instance-ref>SearchInstance</instance-ref>
						<region>center</region>
						<height>0</height>
					</window>
					<window>
						<window-name>CardListWindow</window-name>
						<instance-ref>CardListInstance</instance-ref>
						<region>center</region>
						<height>1</height>
					</window>
					<window>
						<window-name>BottomLinksWindow</window-name>
						<instance-ref>BottomLinksInstance</instance-ref>
						<region>bottom</region>
						<height>2</height>
					</window>
					<display-name xml:lang="en">Sections</display-name>
					<display-name xml:lang="ru">Разделы</display-name>
				</page>
				<page>
					<page-name>theme2-reference</page-name>
					<properties>
						<property>
							<name>order</name>
							<value>2</value>
						</property>
						<property>
							<name>defaultSearch</name>
							<value>test/themes2.xml</value>
						</property>	
						<property>
							<name>currentTemplate</name>
							<value>844</value>
						</property>																									
					</properties>
					<window>
						<window-name>QuickLinksWindow</window-name>
						<instance-ref>QuickLinksInstance</instance-ref>
						<region>left</region>
						<height>0</height>
					</window>
					<window>
						<window-name>SearchWindow</window-name>
						<instance-ref>SearchInstance</instance-ref>
						<region>center</region>
						<height>0</height>
					</window>
					<window>
						<window-name>CardListWindow</window-name>
						<instance-ref>CardListInstance</instance-ref>
						<region>center</region>
						<height>1</height>
					</window>
					<window>
						<window-name>BottomLinksWindow</window-name>
						<instance-ref>BottomLinksInstance</instance-ref>
						<region>bottom</region>
						<height>2</height>
					</window>
					<display-name xml:lang="en">Theme2</display-name>
					<display-name xml:lang="ru">Тематики</display-name>
				</page>
				<page>
					<page-name>themes3-reference</page-name>
					<properties>
						<property>
							<name>order</name>
							<value>3</value>
						</property>
						<property>
							<name>defaultSearch</name>
							<value>test/themes3.xml</value>
						</property>
						<property>
							<name>currentTemplate</name>
							<value>803</value>
						</property>																										
					</properties>
					<window>
						<window-name>QuickLinksWindow</window-name>
						<instance-ref>QuickLinksInstance</instance-ref>
						<region>left</region>
						<height>0</height>
					</window>
					<window>
						<window-name>SearchWindow</window-name>
						<instance-ref>SearchInstance</instance-ref>
						<region>center</region>
						<height>0</height>
					</window>
					<window>
						<window-name>CardListWindow</window-name>
						<instance-ref>CardListInstance</instance-ref>
						<region>center</region>
						<height>1</height>
					</window>
					<window>
						<window-name>BottomLinksWindow</window-name>
						<instance-ref>BottomLinksInstance</instance-ref>
						<region>bottom</region>
						<height>2</height>
					</window>
					<display-name xml:lang="en">theme3</display-name>
					<display-name xml:lang="ru">Темы</display-name>
				</page>
				<page>
					<page-name>questions-reference</page-name>
					<properties>
						<property>
							<name>order</name>
							<value>4</value>
						</property>
						<property>
							<name>defaultSearch</name>
							<value>test/questions.xml</value>
						</property>	
						<property>
							<name>currentTemplate</name>
							<value>884</value>
						</property>																									
					</properties>
					<window>
						<window-name>QuickLinksWindow</window-name>
						<instance-ref>QuickLinksInstance</instance-ref>
						<region>left</region>
						<height>0</height>
					</window>
					<window>
						<window-name>SearchWindow</window-name>
						<instance-ref>SearchInstance</instance-ref>
						<region>center</region>
						<height>0</height>
					</window>
					<window>
						<window-name>CardListWindow</window-name>
						<instance-ref>CardListInstance</instance-ref>
						<region>center</region>
						<height>1</height>
					</window>
					<window>
						<window-name>BottomLinksWindow</window-name>
						<instance-ref>BottomLinksInstance</instance-ref>
						<region>bottom</region>
						<height>2</height>
					</window>
					<display-name xml:lang="en">Questions</display-name>
					<display-name xml:lang="ru">Вопросы</display-name>
				</page>
				<page>
					<page-name>subQuestions-reference</page-name>
					<properties>
						<property>
							<name>order</name>
							<value>5</value>
						</property>
						<property>
							<name>defaultSearch</name>
							<value>test/subQuestions.xml</value>
						</property>																								
					</properties>
					<window>
						<window-name>QuickLinksWindow</window-name>
						<instance-ref>QuickLinksInstance</instance-ref>
						<region>left</region>
						<height>0</height>
					</window>
					<window>
						<window-name>SearchWindow</window-name>
						<instance-ref>SearchInstance</instance-ref>
						<region>center</region>
						<height>0</height>
					</window>
					<window>
						<window-name>CardListWindow</window-name>
						<instance-ref>CardListInstance</instance-ref>
						<region>center</region>
						<height>1</height>
					</window>
					<window>
						<window-name>BottomLinksWindow</window-name>
						<instance-ref>BottomLinksInstance</instance-ref>
						<region>bottom</region>
						<height>2</height>
					</window>
					<display-name xml:lang="en">Subquestions</display-name>
					<display-name xml:lang="ru">Подвопросы обращений</display-name>
				</page>
				<display-name xml:lang="en">OG Classificator</display-name>
				<display-name xml:lang="ru">Классификатор ОГ</display-name>
			</page>
			
			<page>
				<page-name>issueTreatments</page-name>
				<properties>
					<property>
						<name>order</name>
						<value>120</value>
					</property>
					<property>
						<name>defaultSearch</name>
						<value>test/issueTreatments.xml</value>
					</property>
					<property>
						<name>currentTemplate</name>
						<value>884</value>
					</property>																									
				</properties>
				<security-constraint>
					<policy-permission>
						<action-name>view</action-name>
						<role-name>User</role-name>
					</policy-permission>
				</security-constraint>
				<page>
					<page-name>issueTreatmentsNew</page-name>
					<properties>
						<property>
							<name>order</name>
							<value>10</value>
						</property>
						<property>
							<name>defaultSearch</name>
							<value>test/issueTreatmentsNew.xml</value>
						</property>
						<property>
							<name>currentTemplate</name>
							<value>884</value>
						</property>																									
					</properties>
					<security-constraint>
						<policy-permission>
							<action-name>view</action-name>
							<role-name>dbmi_A</role-name>
							<role-name>Admin</role-name>
							<role-name>dbmi_JBR_DICT_EDITOR</role-name>
						</policy-permission>
					</security-constraint>
					<window>
						<window-name>QuickLinksWindow</window-name>
						<instance-ref>QuickLinksInstance</instance-ref>
						<region>left</region>
						<height>0</height>
					</window>
					<window>
						<window-name>SearchWindow</window-name>
						<instance-ref>SearchInstance</instance-ref>
						<region>center</region>
						<height>0</height>
					</window>
					<window>
						<window-name>CardListWindow</window-name>
						<instance-ref>CardListInstance</instance-ref>
						<region>center</region>
						<height>1</height>
					</window>
					<window>
						<window-name>BottomLinksWindow</window-name>
						<instance-ref>BottomLinksInstance</instance-ref>
						<region>bottom</region>
						<height>2</height>
					</window>
					<display-name xml:lang="en">New values</display-name>
					<display-name xml:lang="ru">Новые значения</display-name>
				</page>
				<window>
					<window-name>QuickLinksWindow</window-name>
					<instance-ref>QuickLinksInstance</instance-ref>
					<region>left</region>
					<height>0</height>
				</window>
				<window>
					<window-name>SearchWindow</window-name>
					<instance-ref>SearchInstance</instance-ref>
					<region>center</region>
					<height>0</height>
				</window>
				<window>
					<window-name>CardListWindow</window-name>
					<instance-ref>CardListInstance</instance-ref>
					<region>center</region>
					<height>1</height>
				</window>
				<window>
					<window-name>BottomLinksWindow</window-name>
					<instance-ref>BottomLinksInstance</instance-ref>
					<region>bottom</region>
					<height>2</height>
				</window>
				<display-name xml:lang="en">Treatments of the issue</display-name>
				<display-name xml:lang="ru">Вопросы обращения</display-name>
			</page>						

			<page>
				<page-name>subQuestions-request</page-name>
				<properties>
					<property>
						<name>order</name>
						<value>130</value>
					</property>
					<property>
						<name>defaultSearch</name>
						<value>test/subQuestions.xml</value>
					</property>
				</properties>
				<security-constraint>
					<policy-permission>
						<action-name>view</action-name>
						<role-name>User</role-name>
					</policy-permission>
				</security-constraint>
				<window>
					<window-name>QuickLinksWindow</window-name>
					<instance-ref>QuickLinksInstance</instance-ref>
					<region>left</region>
					<height>0</height>
				</window>
				<window>
					<window-name>SearchWindow</window-name>
					<instance-ref>SearchInstance</instance-ref>
					<region>center</region>
					<height>0</height>
				</window>
				<window>
				<window-name>CardListWindow</window-name>
					<instance-ref>CardListInstance</instance-ref>
					<region>center</region>
					<height>1</height>
				</window>
				<window>
					<window-name>BottomLinksWindow</window-name>
					<instance-ref>BottomLinksInstance</instance-ref>
					<region>bottom</region>
					<height>2</height>
				</window>
				
				<page>
					<page-name>subQuestions-request-new</page-name>
					<properties>
						<property>
							<name>order</name>
							<value>10</value>
						</property>
						<property>
							<name>defaultSearch</name>
							<value>test/subQuestions-new.xml</value>
						</property>
					</properties>
					<security-constraint>
						<policy-permission>
							<action-name>view</action-name>
							<role-name>User</role-name>
						</policy-permission>
					</security-constraint>
					<window>
						<window-name>QuickLinksWindow</window-name>
						<instance-ref>QuickLinksInstance</instance-ref>
						<region>left</region>
						<height>0</height>
					</window>
					<window>
						<window-name>SearchWindow</window-name>
						<instance-ref>SearchInstance</instance-ref>
						<region>center</region>
						<height>0</height>
					</window>
					<window>
					<window-name>CardListWindow</window-name>
						<instance-ref>CardListInstance</instance-ref>
						<region>center</region>
						<height>1</height>
					</window>
					<window>
						<window-name>BottomLinksWindow</window-name>
						<instance-ref>BottomLinksInstance</instance-ref>
						<region>bottom</region>
						<height>2</height>
					</window>
					<display-name xml:lang="en">New values</display-name>
					<display-name xml:lang="ru">Новые значения</display-name>
				</page>
				
				<display-name xml:lang="en">Subquestions</display-name>
				<display-name xml:lang="ru">Подвопросы обращений</display-name>
			</page>
			
			<page>
				<page-name>districts</page-name>
				<properties>
					<property>
						<name>order</name>
						<value>140</value>
					</property>
					<property>
						<name>portal.defaultObjectName</name>
						<value>administrative-districts-reference</value>
					</property>
					<property>
						<name>layout.id</name>
						<value>dbmi_1column</value>
					</property>
					<property>
						<name>enShowRowEditViewIcon</name>
						<value>true</value>
					</property>
				</properties>
				<security-constraint>
					<policy-permission>
						<action-name>viewrecursive</action-name>
						<role-name>dbmi_A</role-name>
						<role-name>Admin</role-name>
					</policy-permission>
				</security-constraint>
				<page>
					<page-name>countries-reference</page-name>
					<properties>
						<property>
							<name>order</name>
							<value>1</value>
						</property>
						<property>
							<name>defaultSearch</name>
							<value>test/countries.xml</value>
						</property>	
						<property>
							<name>currentTemplate</name>
							<value>806</value>
						</property>																									
					</properties>
					<window>
						<window-name>QuickLinksWindow</window-name>
						<instance-ref>QuickLinksInstance</instance-ref>
						<region>left</region>
						<height>0</height>
					</window>
					<window>
						<window-name>SearchWindow</window-name>
						<instance-ref>SearchInstance</instance-ref>
						<region>center</region>
						<height>0</height>
					</window>
					<window>
						<window-name>CardListWindow</window-name>
						<instance-ref>CardListInstance</instance-ref>
						<region>center</region>
						<height>1</height>
					</window>
					<window>
						<window-name>BottomLinksWindow</window-name>
						<instance-ref>BottomLinksInstance</instance-ref>
						<region>bottom</region>
						<height>2</height>
					</window>
					<display-name xml:lang="en">Countries</display-name>
					<display-name xml:lang="ru">Страны</display-name>
				</page>
				<page>
					<page-name>okrugs-reference</page-name>
					<properties>
						<property>
							<name>order</name>
							<value>2</value>
						</property>
						<property>
							<name>defaultSearch</name>
							<value>test/okrugs.xml</value>
						</property>	
						<property>
							<name>currentTemplate</name>
							<value>808</value>
						</property>																									
					</properties>
					<window>
						<window-name>QuickLinksWindow</window-name>
						<instance-ref>QuickLinksInstance</instance-ref>
						<region>left</region>
						<height>0</height>
					</window>
					<window>
						<window-name>SearchWindow</window-name>
						<instance-ref>SearchInstance</instance-ref>
						<region>center</region>
						<height>0</height>
					</window>
					<window>
						<window-name>CardListWindow</window-name>
						<instance-ref>CardListInstance</instance-ref>
						<region>center</region>
						<height>1</height>
					</window>
					<window>
						<window-name>BottomLinksWindow</window-name>
						<instance-ref>BottomLinksInstance</instance-ref>
						<region>bottom</region>
						<height>2</height>
					</window>
					<display-name xml:lang="en">Federal okrugs</display-name>
					<display-name xml:lang="ru">Федеральные округа</display-name>
				</page>
				<page>
					<page-name>regions-reference</page-name>
					<properties>
						<property>
							<name>order</name>
							<value>3</value>
						</property>
						<property>
							<name>defaultSearch</name>
							<value>test/regions.xml</value>
						</property>
						<property>
							<name>currentTemplate</name>
							<value>807</value>
						</property>																										
					</properties>
					<window>
						<window-name>QuickLinksWindow</window-name>
						<instance-ref>QuickLinksInstance</instance-ref>
						<region>left</region>
						<height>0</height>
					</window>
					<window>
						<window-name>SearchWindow</window-name>
						<instance-ref>SearchInstance</instance-ref>
						<region>center</region>
						<height>0</height>
					</window>
					<window>
						<window-name>CardListWindow</window-name>
						<instance-ref>CardListInstance</instance-ref>
						<region>center</region>
						<height>1</height>
					</window>
					<window>
						<window-name>BottomLinksWindow</window-name>
						<instance-ref>BottomLinksInstance</instance-ref>
						<region>bottom</region>
						<height>2</height>
					</window>
					<display-name xml:lang="en">Regions</display-name>
					<display-name xml:lang="ru">Регионы</display-name>
				</page>
				<page>
					<page-name>districts-reference</page-name>
					<properties>
						<property>
							<name>order</name>
							<value>4</value>
						</property>
						<property>
							<name>defaultSearch</name>
							<value>test/districts.xml</value>
						</property>	
						<property>
							<name>currentTemplate</name>
							<value>830</value>
						</property>																									
					</properties>
					<window>
						<window-name>QuickLinksWindow</window-name>
						<instance-ref>QuickLinksInstance</instance-ref>
						<region>left</region>
						<height>0</height>
					</window>
					<window>
						<window-name>SearchWindow</window-name>
						<instance-ref>SearchInstance</instance-ref>
						<region>center</region>
						<height>0</height>
					</window>
					<window>
						<window-name>CardListWindow</window-name>
						<instance-ref>CardListInstance</instance-ref>
						<region>center</region>
						<height>1</height>
					</window>
					<window>
						<window-name>BottomLinksWindow</window-name>
						<instance-ref>BottomLinksInstance</instance-ref>
						<region>bottom</region>
						<height>2</height>
					</window>
					<display-name xml:lang="en">Districts</display-name>
					<display-name xml:lang="ru">Районы</display-name>
				</page>
				<page>
					<page-name>towns-reference</page-name>
					<properties>
						<property>
							<name>order</name>
							<value>5</value>
						</property>
						<property>
							<name>defaultSearch</name>
							<value>test/towns.xml</value>
						</property>
						<property>
							<name>currentTemplate</name>
							<value>824</value>
						</property>																									
					</properties>
					<window>
						<window-name>QuickLinksWindow</window-name>
						<instance-ref>QuickLinksInstance</instance-ref>
						<region>left</region>
						<height>0</height>
					</window>
					<window>
						<window-name>SearchWindow</window-name>
						<instance-ref>SearchInstance</instance-ref>
						<region>center</region>
						<height>0</height>
					</window>
					<window>
						<window-name>CardListWindow</window-name>
						<instance-ref>CardListInstance</instance-ref>
						<region>center</region>
						<height>1</height>
					</window>
					<window>
						<window-name>BottomLinksWindow</window-name>
						<instance-ref>BottomLinksInstance</instance-ref>
						<region>bottom</region>
						<height>2</height>
					</window>
					<display-name xml:lang="en">Towns</display-name>
					<display-name xml:lang="ru">Города</display-name>
				</page>
				<page>
					<page-name>city-districts-reference</page-name>
					<properties>
						<property>
							<name>order</name>
							<value>6</value>
						</property>
						<property>
							<name>defaultSearch</name>
							<value>test/city_districts.xml</value>
						</property>
						<property>
							<name>currentTemplate</name>
							<value>2325</value>
						</property>																									
					</properties>
					<window>
						<window-name>QuickLinksWindow</window-name>
						<instance-ref>QuickLinksInstance</instance-ref>
						<region>left</region>
						<height>0</height>
					</window>
					<window>
						<window-name>SearchWindow</window-name>
						<instance-ref>SearchInstance</instance-ref>
						<region>center</region>
						<height>0</height>
					</window>
					<window>
						<window-name>CardListWindow</window-name>
						<instance-ref>CardListInstance</instance-ref>
						<region>center</region>
						<height>1</height>
					</window>
					<window>
						<window-name>BottomLinksWindow</window-name>
						<instance-ref>BottomLinksInstance</instance-ref>
						<region>bottom</region>
						<height>2</height>
					</window>
					<display-name xml:lang="en">City Districts</display-name>
					<display-name xml:lang="ru">Районы города</display-name>
				</page>
				<display-name xml:lang="en">Administrative districts</display-name>
				<display-name xml:lang="ru">Административные единицы</display-name>
			</page>			
			
			<page>
				<page-name>save_negotiation_list</page-name>
				<properties>
					<property>
						<name>order</name>
						<value>150</value>
					</property>
					<property>
						<name>defaultSearch</name>
						<value>test/saved_negotiation_list.xml</value>
					</property>
				</properties>
				<security-constraint>
					<policy-permission>
						<action-name>view</action-name>
						<role-name>User</role-name>
					</policy-permission>
				</security-constraint>
				<window>
					<window-name>QuickLinksWindow</window-name>
					<instance-ref>QuickLinksInstance</instance-ref>
					<region>left</region>
					<height>0</height>
				</window>
				<window>
					<window-name>SearchWindow</window-name>
					<instance-ref>SearchInstance</instance-ref>
					<region>center</region>
					<height>0</height>
				</window>
				<window>
					<window-name>CardListWindow</window-name>
					<instance-ref>CardListInstance</instance-ref>
					<region>center</region>
					<height>1</height>
				</window>
				<window>
					<window-name>BottomLinksWindow</window-name>
					<instance-ref>BottomLinksInstance</instance-ref>
					<region>bottom</region>
					<height>2</height>
				</window>
				<display-name xml:lang="en">Saved negotiation list</display-name>
				<display-name xml:lang="ru">Типовые маршруты согласования</display-name>
			</page>
			
			<page>
				<page-name>incomingExamples</page-name>
				<properties>
					<property>
						<name>order</name>
						<value>160</value>
					</property>
					<property>
						<name>exampleTemplateId</name>
						<value>jbr.incomingExample</value>
					</property>
					<property>
						<name>exampleStateId</name>
						<value>published</value>
					</property>			
				</properties>
				<security-constraint>
					<policy-permission>
						<action-name>view</action-name>
						<role-name>User</role-name>
					</policy-permission>
				</security-constraint>
				<window>
					<window-name>CreateCardByExampleWindow</window-name>
					<instance-ref>CreateCardByExampleInstance</instance-ref>
					<region>center</region>
					<height>1</height>
				</window>
				<display-name xml:lang="en">Incoming examples</display-name>
				<display-name xml:lang="ru">Образцы входящих</display-name>
			</page>

            <page>
				<page-name>outcomingExamples</page-name>
				<properties>
					<property>
						<name>order</name>
						<value>170</value>
					</property>
					<property>
						<name>exampleTemplateId</name>
						<value>jbr.outcomingExample</value>
					</property>
					<property>
						<name>exampleStateId</name>
						<value>published</value>
					</property>			
				</properties>
				<security-constraint>
					<policy-permission>
						<action-name>view</action-name>
						<role-name>User</role-name>
					</policy-permission>
				</security-constraint>
				<window>
					<window-name>CreateCardByExampleWindow</window-name>
					<instance-ref>CreateCardByExampleInstance</instance-ref>
					<region>center</region>
					<height>1</height>
				</window>
				<display-name xml:lang="en">Outcoming examples</display-name>
				<display-name xml:lang="ru">Образцы исходящих</display-name>
			</page>
			
			
            <page>
                <page-name>infomaterials</page-name>
                <properties>
                    <property>
                        <name>order</name>
                        <value>180</value>
                    </property>
                    <property>
                        <name>defaultSearch</name>
                        <value>test/infomaterials.xml</value>
                    </property>
                      
                    <property>
                        <name>currentTemplate</name>
                        <value>2265</value>
                    </property>
                            
                </properties>
                 <security-constraint>
                    <policy-permission>
                        <action-name>viewrecursive</action-name>
                        <role-name>User</role-name>
                    </policy-permission>
                </security-constraint>
                <window>
                    <window-name>QuickLinksWindow</window-name>
                    <instance-ref>QuickLinksInstance</instance-ref>
                    <region>left</region>
                    <height>0</height>
                </window>
                <window>
                    <window-name>SearchWindow</window-name>
                    <instance-ref>SearchInstance</instance-ref>
                    <region>center</region>
                    <height>0</height>
                </window>
                <window>
                    <window-name>CardListWindow</window-name>
                    <instance-ref>CardListInstance</instance-ref>
                    <region>center</region>
                    <height>1</height>
                </window>
                <window>
                    <window-name>BottomLinksWindow</window-name>
                    <instance-ref>BottomLinksInstance</instance-ref>
                    <region>bottom</region>
                    <height>2</height>
                </window>
                <display-name xml:lang="en">InfoMaterials</display-name>
                <display-name xml:lang="ru">Информационные материалы</display-name>
            </page>
            
            <page>
                <page-name>gost_statistic</page-name>
                <properties>
                    <property>
                        <name>order</name>
                        <value>190</value>
                    </property>
                    <property>
                        <name>defaultSearch</name>
                        <value>statistics/gost_statistic.xml</value>
                    </property>
	                <!-- for BR4J00040074 -->
                    <!--property>
                        <name>extendedSearchForm</name>
                        <value>gostStatisticSearchFormDescription</value>
                    </property-->
                    <property>
                        <name>currentTemplate</name>
                        <value>1600</value>
                    </property>
                </properties>
                 <security-constraint>
                    <policy-permission>
                        <action-name>viewrecursive</action-name>
                        <role-name>User</role-name>
                    </policy-permission>
                </security-constraint>
                <window>
                    <window-name>QuickLinksWindow</window-name>
                    <instance-ref>QuickLinksInstance</instance-ref>
                    <region>left</region>
                    <height>0</height>
                </window>
	            <!-- for BR4J00040074 -->
                <!--window>
                    <window-name>SearchWindow</window-name>
                    <instance-ref>SearchInstance</instance-ref>
                    <region>center</region>
                    <height>0</height>
                </window-->
                <window>
                    <window-name>CardListWindow</window-name>
                    <instance-ref>CardListInstance</instance-ref>
                    <region>center</region>
                    <height>1</height>
                </window>
                <window>
                    <window-name>BottomLinksWindow</window-name>
                    <instance-ref>BottomLinksInstance</instance-ref>
                    <region>bottom</region>
                    <height>2</height>
                </window>
                <display-name xml:lang="en">GOST Statistic</display-name>
                <display-name xml:lang="ru">Статистика ГОСТ</display-name>
            </page>
            
            <page>
                <page-name>docs_statistic</page-name>
                <properties>
                    <property>
                        <name>order</name>
                        <value>200</value>
                    </property>
                    <property>
                        <name>defaultSearch</name>
                        <value>statistics/docs_statistics.xml</value>
                    </property>
                    <property>
                        <name>currentTemplate</name>
                        <value>1600</value>
                    </property>
                </properties>
                 <security-constraint>
                    <policy-permission>
                        <action-name>viewrecursive</action-name>
                        <role-name>Admin</role-name>
                    </policy-permission>
                </security-constraint>
                <window>
                    <window-name>QuickLinksWindow</window-name>
                    <instance-ref>QuickLinksInstance</instance-ref>
                    <region>left</region>
                    <height>0</height>
                </window>
                <window>
                    <window-name>CardListWindow</window-name>
                    <instance-ref>CardListInstance</instance-ref>
                    <region>center</region>
                    <height>1</height>
                </window>
                <window>
                    <window-name>BottomLinksWindow</window-name>
                    <instance-ref>BottomLinksInstance</instance-ref>
                    <region>bottom</region>
                    <height>2</height>
                </window>
                <display-name xml:lang="en">Documents Statistic</display-name>
                <display-name xml:lang="ru">Статистика по документам</display-name>
            </page>
            <!-- Сохраненные маршруты согласования -->		
			<!-- page>
				<page-name>trickySearch</page-name>
				<properties>
					<property>
						<name>order</name>
						<value>100</value>
					</property>
					<property>
						<name>layout.id</name>
						<value>dbmi_layout</value>
					</property>
					<property>
						<name>defaultSearch</name>
						<value>test/trickySearch.xml</value>
					</property>
				</properties>
				<security-constraint>
					<policy-permission>
						<action-name>view</action-name>
						<role-name>User</role-name>
					</policy-permission>
				</security-constraint>
				<window>
					<window-name>CardListWindow</window-name>
					<instance-ref>CardListInstance</instance-ref>
					<region>center</region>
					<height>1</height>
				</window>
				<window>
					<window-name>BottomLinksWindow</window-name>
					<instance-ref>BottomLinksInstance</instance-ref>
					<region>bottom</region>
					<height>2</height>
				</window>
				<display-name xml:lang="en">Search by code with filtering by attributes</display-name>
				<display-name xml:lang="ru">Поиск по номерам с фильтрацией по атрибутам</display-name>
			</page--><!--
			<page>
				<page-name>quickResolutions</page-name>
				<properties>
					<property>
						<name>order</name>
						<value>70</value>
					</property>
					<property>
						<name>theme.id</name>
						<value>dbmi_boss</value>
					</property>
				</properties>
				<window>
					<window-name>QuickResolutionPortletWindow</window-name>
					<instance-ref>QuickResolutionPortletInstance</instance-ref>
					<region>center</region>
					<height>1</height>
				</window>
				<display-name xml:lang="en">Resolutions</display-name>
				<display-name xml:lang="ru">Резолюции</display-name>
			</page> -->
			<!-- 			
			<page>
				<page-name>simpleSearch</page-name>
				<properties>
					<property>
						<name>order</name>
						<value>60</value>
					</property>
					<property>
						<name>layout.id</name>
						<value>dbmi_layout</value>
					</property>
					<property>
						<name>defaultSearch</name>
						<value>income_by_number.xml</value>
					</property>
				</properties>
				<window>
					<window-name>SimpleSearchWindow</window-name>
					<instance-ref>SimpleSearchPortletInstance</instance-ref>
					<region>left</region>
					<height>0</height>
				</window>
				<window>
					<window-name>CardListWindow</window-name>
					<instance-ref>CardListInstance</instance-ref>
					<region>center</region>
					<height>1</height>
				</window>
				<window>
					<window-name>BottomLinksWindow</window-name>
					<instance-ref>BottomLinksInstance</instance-ref>
					<region>bottom</region>
					<height>2</height>
				</window>
				<display-name xml:lang="en">Simpliest Search</display-name>
				<display-name xml:lang="ru">Простейший поиск</display-name>
			</page>  -->
			<!-- page>
				<page-name>arm</page-name>

				<properties>
					<property>
						<name>layout.id</name>
						<value>dbmi-arm-layout</value>
					</property>
					<property>
						<name>theme.id</name>
						<value>dbmi_theme_arm</value>
					</property>
					
					<property>
						<name>order</name>
						<value>50</value>
					</property>
					<property>
						<name>defaultSearch</name>
						<value>arm/instruction.xml</value>
					</property>
				</properties>
				<security-constraint>
					<policy-permission>
						<action-name>view</action-name>
						<role-name>User</role-name>
					</policy-permission>
				</security-constraint>
				<window>
					<window-name>ArmWindowToday</window-name>
					<instance-ref>ArmInstanceToday</instance-ref>
					<region>left-top</region>
					<height>1</height>
					<properties>
						<property>
							<name>defaultSearch</name>
							<value>arm/documentsToday.xml</value> 
						</property>
					</properties>
				</window>

				<window>
					<window-name>ArmWindowTomorrow</window-name>
					<instance-ref>ArmInstanceTomorrow</instance-ref>
					<region>right-top</region>
					<height>1</height>
					<properties>
						<property>
							<name>defaultSearch</name>
							<value>arm/documentsTomorrow.xml</value>
						</property>
					</properties>
				</window>
				
				<window>
					<window-name>ArmWindowTooLate</window-name>
					<instance-ref>ArmInstanceTooLate</instance-ref>
					<region>left-bottom</region>
					<height>1</height>
					<properties>
						<property>
							<name>defaultSearch</name>
							<value>arm/documentsTooLate.xml</value>
						</property>
					</properties>
				</window>

				<window>
					<window-name>ArmWindowSoon</window-name>
					<instance-ref>ArmInstanceSoon</instance-ref>
					<region>right-bottom</region>
					<height>1</height>
					<properties>
						<property>
							<name>defaultSearch</name>
							<value>arm/documentsSoon.xml</value>
						</property>
					</properties>
				</window>

				<window>
					<window-name>BottomLinksWindow</window-name>
					<instance-ref>BottomLinksInstance</instance-ref>
					<region>bottom</region>
					<height>2</height>
				</window>

				<display-name xml:lang="en">User ARM</display-name>
				<display-name xml:lang="ru">АРМ Пользователя</display-name>
			</page-->
			<!-- URL entry point name -->
			<display-name xml:lang="en">Dictionaries</display-name>
			<display-name xml:lang="ru">Справочники</display-name>
		</page>
	</deployment>
</deployments>
